{"timestamp":"2025-05-30T08:10:03.205561","level":"info","event":"Filling up the DagBag from /opt/airflow/dags/celery.py","logger":"airflow.models.dagbag.DagBag"}
{"timestamp":"2025-05-30T08:10:03.856381","level":"info","event":"Filling up the DagBag from /opt/airflow/dags/celery.py","logger":"airflow.models.dagbag.DagBag"}
{"timestamp":"2025-05-30T08:10:05.494135","level":"info","event":"Filling up the DagBag from /opt/airflow/dags/celery.py","logger":"airflow.models.dagbag.DagBag"}
{"timestamp":"2025-05-30T08:10:07.029149","level":"info","event":"Filling up the DagBag from /opt/airflow/dags/celery.py","logger":"airflow.models.dagbag.DagBag"}
{"timestamp":"2025-05-30T08:10:10.891434","level":"info","event":"Filling up the DagBag from /opt/airflow/dags/celery.py","logger":"airflow.models.dagbag.DagBag"}
{"timestamp":"2025-05-30T08:10:12.168807","level":"info","event":"Filling up the DagBag from /opt/airflow/dags/celery.py","logger":"airflow.models.dagbag.DagBag"}
{"timestamp":"2025-05-30T08:10:19.227036","level":"info","event":"Filling up the DagBag from /opt/airflow/dags/celery.py","logger":"airflow.models.dagbag.DagBag"}
{"timestamp":"2025-05-30T08:10:20.614575","level":"info","event":"Filling up the DagBag from /opt/airflow/dags/celery.py","logger":"airflow.models.dagbag.DagBag"}
{"timestamp":"2025-05-30T08:10:21.651237","level":"info","event":"Filling up the DagBag from /opt/airflow/dags/celery.py","logger":"airflow.models.dagbag.DagBag"}
{"timestamp":"2025-05-30T08:10:21.767587","level":"error","event":"Failed to import: /opt/airflow/dags/celery.py","logger":"airflow.models.dagbag.DagBag","error_detail":[{"exc_type":"SyntaxError","exc_value":"invalid syntax (celery.py, line 23)","exc_notes":[],"syntax_error":{"offset":12,"filename":"/opt/airflow/dags/celery.py","line":"    a() >> ","lineno":23,"msg":"invalid syntax"},"is_cause":false,"frames":[{"filename":"/home/airflow/.local/lib/python3.12/site-packages/airflow/models/dagbag.py","lineno":382,"name":"parse"},{"filename":"<frozen importlib._bootstrap_external>","lineno":995,"name":"exec_module"},{"filename":"<frozen importlib._bootstrap_external>","lineno":1133,"name":"get_code"},{"filename":"<frozen importlib._bootstrap_external>","lineno":1063,"name":"source_to_code"},{"filename":"<frozen importlib._bootstrap>","lineno":488,"name":"_call_with_frames_removed"}]}]}
{"timestamp":"2025-05-30T08:10:23.071754","level":"info","event":"Filling up the DagBag from /opt/airflow/dags/celery.py","logger":"airflow.models.dagbag.DagBag"}
{"timestamp":"2025-05-30T08:10:25.317869","level":"info","event":"Filling up the DagBag from /opt/airflow/dags/celery.py","logger":"airflow.models.dagbag.DagBag"}
{"timestamp":"2025-05-30T08:10:27.713402","level":"info","event":"Filling up the DagBag from /opt/airflow/dags/celery.py","logger":"airflow.models.dagbag.DagBag"}
{"timestamp":"2025-05-30T08:10:27.764975","level":"error","event":"Failed to import: /opt/airflow/dags/celery.py","logger":"airflow.models.dagbag.DagBag","error_detail":[{"exc_type":"SyntaxError","exc_value":"unmatched ']' (celery.py, line 23)","exc_notes":[],"syntax_error":{"offset":29,"filename":"/opt/airflow/dags/celery.py","line":"    a() >> [b(), c()] >> d()]","lineno":23,"msg":"unmatched ']'"},"is_cause":false,"frames":[{"filename":"/home/airflow/.local/lib/python3.12/site-packages/airflow/models/dagbag.py","lineno":382,"name":"parse"},{"filename":"<frozen importlib._bootstrap_external>","lineno":995,"name":"exec_module"},{"filename":"<frozen importlib._bootstrap_external>","lineno":1133,"name":"get_code"},{"filename":"<frozen importlib._bootstrap_external>","lineno":1063,"name":"source_to_code"},{"filename":"<frozen importlib._bootstrap>","lineno":488,"name":"_call_with_frames_removed"}]}]}
{"timestamp":"2025-05-30T08:10:31.591427","level":"info","event":"Filling up the DagBag from /opt/airflow/dags/celery.py","logger":"airflow.models.dagbag.DagBag"}
{"timestamp":"2025-05-30T08:10:33.515724","level":"info","event":"Filling up the DagBag from /opt/airflow/dags/celery.py","logger":"airflow.models.dagbag.DagBag"}
{"timestamp":"2025-05-30T08:10:36.478193","level":"info","event":"Filling up the DagBag from /opt/airflow/dags/celery.py","logger":"airflow.models.dagbag.DagBag"}
{"timestamp":"2025-05-30T08:10:37.964131","level":"info","event":"Filling up the DagBag from /opt/airflow/dags/celery.py","logger":"airflow.models.dagbag.DagBag"}
{"timestamp":"2025-05-30T08:10:38.077561","level":"error","event":"Failed to import: /opt/airflow/dags/celery.py","logger":"airflow.models.dagbag.DagBag","error_detail":[{"exc_type":"NameError","exc_value":"name 'cel' is not defined","exc_notes":[],"syntax_error":null,"is_cause":false,"frames":[{"filename":"/home/airflow/.local/lib/python3.12/site-packages/airflow/models/dagbag.py","lineno":382,"name":"parse"},{"filename":"<frozen importlib._bootstrap_external>","lineno":999,"name":"exec_module"},{"filename":"<frozen importlib._bootstrap>","lineno":488,"name":"_call_with_frames_removed"},{"filename":"/opt/airflow/dags/celery.py","lineno":25,"name":"<module>"}]}]}
{"timestamp":"2025-05-30T08:10:38.471462","level":"info","event":"Filling up the DagBag from /opt/airflow/dags/celery.py","logger":"airflow.models.dagbag.DagBag"}
{"timestamp":"2025-05-30T08:10:39.991396","level":"info","event":"Filling up the DagBag from /opt/airflow/dags/celery.py","logger":"airflow.models.dagbag.DagBag"}
{"timestamp":"2025-05-30T08:11:00.109083","level":"info","event":"Filling up the DagBag from /opt/airflow/dags/celery.py","logger":"airflow.models.dagbag.DagBag"}
{"timestamp":"2025-05-30T08:11:03.173268","level":"info","event":"Filling up the DagBag from /opt/airflow/dags/celery.py","logger":"airflow.models.dagbag.DagBag"}
{"timestamp":"2025-05-30T08:11:03.256529","level":"error","event":"Failed to import: /opt/airflow/dags/celery.py","logger":"airflow.models.dagbag.DagBag","error_detail":[{"exc_type":"SyntaxError","exc_value":"invalid syntax (celery.py, line 3)","exc_notes":[],"syntax_error":{"offset":5,"filename":"/opt/airflow/dags/celery.py","line":"fom time im\n","lineno":3,"msg":"invalid syntax"},"is_cause":false,"frames":[{"filename":"/home/airflow/.local/lib/python3.12/site-packages/airflow/models/dagbag.py","lineno":382,"name":"parse"},{"filename":"<frozen importlib._bootstrap_external>","lineno":995,"name":"exec_module"},{"filename":"<frozen importlib._bootstrap_external>","lineno":1133,"name":"get_code"},{"filename":"<frozen importlib._bootstrap_external>","lineno":1063,"name":"source_to_code"},{"filename":"<frozen importlib._bootstrap>","lineno":488,"name":"_call_with_frames_removed"}]}]}
{"timestamp":"2025-05-30T08:11:06.041639","level":"info","event":"Filling up the DagBag from /opt/airflow/dags/celery.py","logger":"airflow.models.dagbag.DagBag"}
{"timestamp":"2025-05-30T08:11:06.107866","level":"error","event":"Failed to import: /opt/airflow/dags/celery.py","logger":"airflow.models.dagbag.DagBag","error_detail":[{"exc_type":"SyntaxError","exc_value":"invalid syntax (celery.py, line 3)","exc_notes":[],"syntax_error":{"offset":5,"filename":"/opt/airflow/dags/celery.py","line":"fom time import sleep\n","lineno":3,"msg":"invalid syntax"},"is_cause":false,"frames":[{"filename":"/home/airflow/.local/lib/python3.12/site-packages/airflow/models/dagbag.py","lineno":382,"name":"parse"},{"filename":"<frozen importlib._bootstrap_external>","lineno":995,"name":"exec_module"},{"filename":"<frozen importlib._bootstrap_external>","lineno":1133,"name":"get_code"},{"filename":"<frozen importlib._bootstrap_external>","lineno":1063,"name":"source_to_code"},{"filename":"<frozen importlib._bootstrap>","lineno":488,"name":"_call_with_frames_removed"}]}]}
{"timestamp":"2025-05-30T08:11:10.504381","level":"info","event":"Filling up the DagBag from /opt/airflow/dags/celery.py","logger":"airflow.models.dagbag.DagBag"}
{"timestamp":"2025-05-30T08:11:10.568480","level":"error","event":"Failed to import: /opt/airflow/dags/celery.py","logger":"airflow.models.dagbag.DagBag","error_detail":[{"exc_type":"SyntaxError","exc_value":"invalid syntax (celery.py, line 3)","exc_notes":[],"syntax_error":{"offset":5,"filename":"/opt/airflow/dags/celery.py","line":"fom time import sleep\n","lineno":3,"msg":"invalid syntax"},"is_cause":false,"frames":[{"filename":"/home/airflow/.local/lib/python3.12/site-packages/airflow/models/dagbag.py","lineno":382,"name":"parse"},{"filename":"<frozen importlib._bootstrap_external>","lineno":995,"name":"exec_module"},{"filename":"<frozen importlib._bootstrap_external>","lineno":1133,"name":"get_code"},{"filename":"<frozen importlib._bootstrap_external>","lineno":1063,"name":"source_to_code"},{"filename":"<frozen importlib._bootstrap>","lineno":488,"name":"_call_with_frames_removed"}]}]}
{"timestamp":"2025-05-30T08:11:11.662679","level":"info","event":"Filling up the DagBag from /opt/airflow/dags/celery.py","logger":"airflow.models.dagbag.DagBag"}
{"timestamp":"2025-05-30T08:11:11.724872","level":"error","event":"Failed to import: /opt/airflow/dags/celery.py","logger":"airflow.models.dagbag.DagBag","error_detail":[{"exc_type":"SyntaxError","exc_value":"invalid syntax (celery.py, line 3)","exc_notes":[],"syntax_error":{"offset":5,"filename":"/opt/airflow/dags/celery.py","line":"fom time import sleep\n","lineno":3,"msg":"invalid syntax"},"is_cause":false,"frames":[{"filename":"/home/airflow/.local/lib/python3.12/site-packages/airflow/models/dagbag.py","lineno":382,"name":"parse"},{"filename":"<frozen importlib._bootstrap_external>","lineno":995,"name":"exec_module"},{"filename":"<frozen importlib._bootstrap_external>","lineno":1133,"name":"get_code"},{"filename":"<frozen importlib._bootstrap_external>","lineno":1063,"name":"source_to_code"},{"filename":"<frozen importlib._bootstrap>","lineno":488,"name":"_call_with_frames_removed"}]}]}
{"timestamp":"2025-05-30T08:11:13.421968","level":"info","event":"Filling up the DagBag from /opt/airflow/dags/celery.py","logger":"airflow.models.dagbag.DagBag"}
{"timestamp":"2025-05-30T08:11:13.545798","level":"error","event":"Failed to import: /opt/airflow/dags/celery.py","logger":"airflow.models.dagbag.DagBag","error_detail":[{"exc_type":"SyntaxError","exc_value":"invalid syntax (celery.py, line 3)","exc_notes":[],"syntax_error":{"offset":5,"filename":"/opt/airflow/dags/celery.py","line":"fom time import sleep\n","lineno":3,"msg":"invalid syntax"},"is_cause":false,"frames":[{"filename":"/home/airflow/.local/lib/python3.12/site-packages/airflow/models/dagbag.py","lineno":382,"name":"parse"},{"filename":"<frozen importlib._bootstrap_external>","lineno":995,"name":"exec_module"},{"filename":"<frozen importlib._bootstrap_external>","lineno":1133,"name":"get_code"},{"filename":"<frozen importlib._bootstrap_external>","lineno":1063,"name":"source_to_code"},{"filename":"<frozen importlib._bootstrap>","lineno":488,"name":"_call_with_frames_removed"}]}]}
{"timestamp":"2025-05-30T08:11:14.803026","level":"info","event":"Filling up the DagBag from /opt/airflow/dags/celery.py","logger":"airflow.models.dagbag.DagBag"}
{"timestamp":"2025-05-30T08:11:14.867446","level":"error","event":"Failed to import: /opt/airflow/dags/celery.py","logger":"airflow.models.dagbag.DagBag","error_detail":[{"exc_type":"SyntaxError","exc_value":"invalid syntax (celery.py, line 3)","exc_notes":[],"syntax_error":{"offset":5,"filename":"/opt/airflow/dags/celery.py","line":"fom time import sleep\n","lineno":3,"msg":"invalid syntax"},"is_cause":false,"frames":[{"filename":"/home/airflow/.local/lib/python3.12/site-packages/airflow/models/dagbag.py","lineno":382,"name":"parse"},{"filename":"<frozen importlib._bootstrap_external>","lineno":995,"name":"exec_module"},{"filename":"<frozen importlib._bootstrap_external>","lineno":1133,"name":"get_code"},{"filename":"<frozen importlib._bootstrap_external>","lineno":1063,"name":"source_to_code"},{"filename":"<frozen importlib._bootstrap>","lineno":488,"name":"_call_with_frames_removed"}]}]}
{"timestamp":"2025-05-30T08:11:16.121920","level":"info","event":"Filling up the DagBag from /opt/airflow/dags/celery.py","logger":"airflow.models.dagbag.DagBag"}
{"timestamp":"2025-05-30T08:11:16.185960","level":"error","event":"Failed to import: /opt/airflow/dags/celery.py","logger":"airflow.models.dagbag.DagBag","error_detail":[{"exc_type":"SyntaxError","exc_value":"invalid syntax (celery.py, line 3)","exc_notes":[],"syntax_error":{"offset":5,"filename":"/opt/airflow/dags/celery.py","line":"fom time import sleep\n","lineno":3,"msg":"invalid syntax"},"is_cause":false,"frames":[{"filename":"/home/airflow/.local/lib/python3.12/site-packages/airflow/models/dagbag.py","lineno":382,"name":"parse"},{"filename":"<frozen importlib._bootstrap_external>","lineno":995,"name":"exec_module"},{"filename":"<frozen importlib._bootstrap_external>","lineno":1133,"name":"get_code"},{"filename":"<frozen importlib._bootstrap_external>","lineno":1063,"name":"source_to_code"},{"filename":"<frozen importlib._bootstrap>","lineno":488,"name":"_call_with_frames_removed"}]}]}
{"timestamp":"2025-05-30T08:11:18.500430","level":"info","event":"Filling up the DagBag from /opt/airflow/dags/celery.py","logger":"airflow.models.dagbag.DagBag"}
{"timestamp":"2025-05-30T08:11:18.570139","level":"error","event":"Failed to import: /opt/airflow/dags/celery.py","logger":"airflow.models.dagbag.DagBag","error_detail":[{"exc_type":"SyntaxError","exc_value":"invalid syntax (celery.py, line 3)","exc_notes":[],"syntax_error":{"offset":5,"filename":"/opt/airflow/dags/celery.py","line":"fom time import sleep\n","lineno":3,"msg":"invalid syntax"},"is_cause":false,"frames":[{"filename":"/home/airflow/.local/lib/python3.12/site-packages/airflow/models/dagbag.py","lineno":382,"name":"parse"},{"filename":"<frozen importlib._bootstrap_external>","lineno":995,"name":"exec_module"},{"filename":"<frozen importlib._bootstrap_external>","lineno":1133,"name":"get_code"},{"filename":"<frozen importlib._bootstrap_external>","lineno":1063,"name":"source_to_code"},{"filename":"<frozen importlib._bootstrap>","lineno":488,"name":"_call_with_frames_removed"}]}]}
{"timestamp":"2025-05-30T08:11:26.907781","level":"info","event":"Filling up the DagBag from /opt/airflow/dags/celery.py","logger":"airflow.models.dagbag.DagBag"}
{"timestamp":"2025-05-30T08:11:26.968099","level":"error","event":"Failed to import: /opt/airflow/dags/celery.py","logger":"airflow.models.dagbag.DagBag","error_detail":[{"exc_type":"SyntaxError","exc_value":"invalid syntax (celery.py, line 3)","exc_notes":[],"syntax_error":{"offset":5,"filename":"/opt/airflow/dags/celery.py","line":"fom time import sleep\n","lineno":3,"msg":"invalid syntax"},"is_cause":false,"frames":[{"filename":"/home/airflow/.local/lib/python3.12/site-packages/airflow/models/dagbag.py","lineno":382,"name":"parse"},{"filename":"<frozen importlib._bootstrap_external>","lineno":995,"name":"exec_module"},{"filename":"<frozen importlib._bootstrap_external>","lineno":1133,"name":"get_code"},{"filename":"<frozen importlib._bootstrap_external>","lineno":1063,"name":"source_to_code"},{"filename":"<frozen importlib._bootstrap>","lineno":488,"name":"_call_with_frames_removed"}]}]}
{"timestamp":"2025-05-30T08:11:30.596751","level":"info","event":"Filling up the DagBag from /opt/airflow/dags/celery.py","logger":"airflow.models.dagbag.DagBag"}
{"timestamp":"2025-05-30T08:11:30.659640","level":"error","event":"Failed to import: /opt/airflow/dags/celery.py","logger":"airflow.models.dagbag.DagBag","error_detail":[{"exc_type":"SyntaxError","exc_value":"invalid syntax (celery.py, line 3)","exc_notes":[],"syntax_error":{"offset":5,"filename":"/opt/airflow/dags/celery.py","line":"fom time import sleep\n","lineno":3,"msg":"invalid syntax"},"is_cause":false,"frames":[{"filename":"/home/airflow/.local/lib/python3.12/site-packages/airflow/models/dagbag.py","lineno":382,"name":"parse"},{"filename":"<frozen importlib._bootstrap_external>","lineno":995,"name":"exec_module"},{"filename":"<frozen importlib._bootstrap_external>","lineno":1133,"name":"get_code"},{"filename":"<frozen importlib._bootstrap_external>","lineno":1063,"name":"source_to_code"},{"filename":"<frozen importlib._bootstrap>","lineno":488,"name":"_call_with_frames_removed"}]}]}
{"timestamp":"2025-05-30T08:13:18.147742","level":"info","event":"Filling up the DagBag from /opt/airflow/dags/celery.py","logger":"airflow.models.dagbag.DagBag"}
{"timestamp":"2025-05-30T08:13:18.231832","level":"error","event":"Failed to import: /opt/airflow/dags/celery.py","logger":"airflow.models.dagbag.DagBag","error_detail":[{"exc_type":"SyntaxError","exc_value":"invalid syntax (celery.py, line 3)","exc_notes":[],"syntax_error":{"offset":5,"filename":"/opt/airflow/dags/celery.py","line":"fom time import sleep\n","lineno":3,"msg":"invalid syntax"},"is_cause":false,"frames":[{"filename":"/home/airflow/.local/lib/python3.12/site-packages/airflow/models/dagbag.py","lineno":382,"name":"parse"},{"filename":"<frozen importlib._bootstrap_external>","lineno":995,"name":"exec_module"},{"filename":"<frozen importlib._bootstrap_external>","lineno":1133,"name":"get_code"},{"filename":"<frozen importlib._bootstrap_external>","lineno":1063,"name":"source_to_code"},{"filename":"<frozen importlib._bootstrap>","lineno":488,"name":"_call_with_frames_removed"}]}]}
{"timestamp":"2025-05-30T08:13:55.046176","level":"info","event":"Filling up the DagBag from /opt/airflow/dags/celery.py","logger":"airflow.models.dagbag.DagBag"}
{"timestamp":"2025-05-30T08:13:55.086633","level":"error","event":"Failed to import: /opt/airflow/dags/celery.py","logger":"airflow.models.dagbag.DagBag","error_detail":[{"exc_type":"SyntaxError","exc_value":"invalid syntax (celery.py, line 3)","exc_notes":[],"syntax_error":{"offset":5,"filename":"/opt/airflow/dags/celery.py","line":"fom time import sleep\n","lineno":3,"msg":"invalid syntax"},"is_cause":false,"frames":[{"filename":"/home/airflow/.local/lib/python3.12/site-packages/airflow/models/dagbag.py","lineno":382,"name":"parse"},{"filename":"<frozen importlib._bootstrap_external>","lineno":995,"name":"exec_module"},{"filename":"<frozen importlib._bootstrap_external>","lineno":1133,"name":"get_code"},{"filename":"<frozen importlib._bootstrap_external>","lineno":1063,"name":"source_to_code"},{"filename":"<frozen importlib._bootstrap>","lineno":488,"name":"_call_with_frames_removed"}]}]}
{"timestamp":"2025-05-30T08:14:04.521734","level":"info","event":"Filling up the DagBag from /opt/airflow/dags/celery.py","logger":"airflow.models.dagbag.DagBag"}
{"timestamp":"2025-05-30T08:14:35.526471","level":"info","event":"Filling up the DagBag from /opt/airflow/dags/celery.py","logger":"airflow.models.dagbag.DagBag"}
{"timestamp":"2025-05-30T08:15:06.289714","level":"info","event":"Filling up the DagBag from /opt/airflow/dags/celery.py","logger":"airflow.models.dagbag.DagBag"}
{"timestamp":"2025-05-30T08:15:37.106931","level":"info","event":"Filling up the DagBag from /opt/airflow/dags/celery.py","logger":"airflow.models.dagbag.DagBag"}
{"timestamp":"2025-05-30T08:16:07.856401","level":"info","event":"Filling up the DagBag from /opt/airflow/dags/celery.py","logger":"airflow.models.dagbag.DagBag"}
{"timestamp":"2025-05-30T08:16:38.728316","level":"info","event":"Filling up the DagBag from /opt/airflow/dags/celery.py","logger":"airflow.models.dagbag.DagBag"}
{"timestamp":"2025-05-30T08:17:09.580592","level":"info","event":"Filling up the DagBag from /opt/airflow/dags/celery.py","logger":"airflow.models.dagbag.DagBag"}
{"timestamp":"2025-05-30T08:17:40.348870","level":"info","event":"Filling up the DagBag from /opt/airflow/dags/celery.py","logger":"airflow.models.dagbag.DagBag"}
{"timestamp":"2025-05-30T08:18:11.224588","level":"info","event":"Filling up the DagBag from /opt/airflow/dags/celery.py","logger":"airflow.models.dagbag.DagBag"}
{"timestamp":"2025-05-30T08:18:42.075963","level":"info","event":"Filling up the DagBag from /opt/airflow/dags/celery.py","logger":"airflow.models.dagbag.DagBag"}
{"timestamp":"2025-05-30T08:19:12.912249","level":"info","event":"Filling up the DagBag from /opt/airflow/dags/celery.py","logger":"airflow.models.dagbag.DagBag"}
{"timestamp":"2025-05-30T08:21:32.037273","level":"info","event":"Filling up the DagBag from /opt/airflow/dags/celery.py","logger":"airflow.models.dagbag.DagBag"}
{"timestamp":"2025-05-30T08:22:04.268671","level":"info","event":"Filling up the DagBag from /opt/airflow/dags/celery.py","logger":"airflow.models.dagbag.DagBag"}
{"timestamp":"2025-05-30T08:22:35.103899","level":"info","event":"Filling up the DagBag from /opt/airflow/dags/celery.py","logger":"airflow.models.dagbag.DagBag"}
{"timestamp":"2025-05-30T08:23:05.882653","level":"info","event":"Filling up the DagBag from /opt/airflow/dags/celery.py","logger":"airflow.models.dagbag.DagBag"}
{"timestamp":"2025-05-30T08:23:36.658388","level":"info","event":"Filling up the DagBag from /opt/airflow/dags/celery.py","logger":"airflow.models.dagbag.DagBag"}
{"timestamp":"2025-05-30T08:24:07.397937","level":"info","event":"Filling up the DagBag from /opt/airflow/dags/celery.py","logger":"airflow.models.dagbag.DagBag"}
{"timestamp":"2025-05-30T08:24:38.151268","level":"info","event":"Filling up the DagBag from /opt/airflow/dags/celery.py","logger":"airflow.models.dagbag.DagBag"}
{"timestamp":"2025-05-30T08:25:08.908183","level":"info","event":"Filling up the DagBag from /opt/airflow/dags/celery.py","logger":"airflow.models.dagbag.DagBag"}
{"timestamp":"2025-05-30T08:25:39.673224","level":"info","event":"Filling up the DagBag from /opt/airflow/dags/celery.py","logger":"airflow.models.dagbag.DagBag"}
{"timestamp":"2025-05-30T08:27:10.205123","level":"info","event":"Filling up the DagBag from /opt/airflow/dags/celery.py","logger":"airflow.models.dagbag.DagBag"}
{"timestamp":"2025-05-30T08:27:47.884067","level":"info","event":"Filling up the DagBag from /opt/airflow/dags/celery.py","logger":"airflow.models.dagbag.DagBag"}
{"timestamp":"2025-05-30T08:28:18.828586","level":"info","event":"Filling up the DagBag from /opt/airflow/dags/celery.py","logger":"airflow.models.dagbag.DagBag"}
{"timestamp":"2025-05-30T08:28:49.242107","level":"info","event":"Filling up the DagBag from /opt/airflow/dags/celery.py","logger":"airflow.models.dagbag.DagBag"}
{"timestamp":"2025-05-30T08:29:19.888633","level":"info","event":"Filling up the DagBag from /opt/airflow/dags/celery.py","logger":"airflow.models.dagbag.DagBag"}
{"timestamp":"2025-05-30T08:29:50.679247","level":"info","event":"Filling up the DagBag from /opt/airflow/dags/celery.py","logger":"airflow.models.dagbag.DagBag"}
{"timestamp":"2025-05-30T08:30:21.520325","level":"info","event":"Filling up the DagBag from /opt/airflow/dags/celery.py","logger":"airflow.models.dagbag.DagBag"}
{"timestamp":"2025-05-30T08:30:52.354291","level":"info","event":"Filling up the DagBag from /opt/airflow/dags/celery.py","logger":"airflow.models.dagbag.DagBag"}
{"timestamp":"2025-05-30T08:31:23.188233","level":"info","event":"Filling up the DagBag from /opt/airflow/dags/celery.py","logger":"airflow.models.dagbag.DagBag"}
{"timestamp":"2025-05-30T08:31:54.054214","level":"info","event":"Filling up the DagBag from /opt/airflow/dags/celery.py","logger":"airflow.models.dagbag.DagBag"}
{"timestamp":"2025-05-30T08:32:24.959449","level":"info","event":"Filling up the DagBag from /opt/airflow/dags/celery.py","logger":"airflow.models.dagbag.DagBag"}
{"timestamp":"2025-05-30T08:32:55.793518","level":"info","event":"Filling up the DagBag from /opt/airflow/dags/celery.py","logger":"airflow.models.dagbag.DagBag"}
{"timestamp":"2025-05-30T08:33:26.591772","level":"info","event":"Filling up the DagBag from /opt/airflow/dags/celery.py","logger":"airflow.models.dagbag.DagBag"}
{"timestamp":"2025-05-30T08:34:44.881379","level":"info","event":"Filling up the DagBag from /opt/airflow/dags/celery.py","logger":"airflow.models.dagbag.DagBag"}
{"timestamp":"2025-05-30T08:35:17.264372","level":"info","event":"Filling up the DagBag from /opt/airflow/dags/celery.py","logger":"airflow.models.dagbag.DagBag"}
{"timestamp":"2025-05-30T08:35:48.187578","level":"info","event":"Filling up the DagBag from /opt/airflow/dags/celery.py","logger":"airflow.models.dagbag.DagBag"}
{"timestamp":"2025-05-30T08:36:19.031664","level":"info","event":"Filling up the DagBag from /opt/airflow/dags/celery.py","logger":"airflow.models.dagbag.DagBag"}
{"timestamp":"2025-05-30T08:36:49.983766","level":"info","event":"Filling up the DagBag from /opt/airflow/dags/celery.py","logger":"airflow.models.dagbag.DagBag"}
{"timestamp":"2025-05-30T08:37:20.864974","level":"info","event":"Filling up the DagBag from /opt/airflow/dags/celery.py","logger":"airflow.models.dagbag.DagBag"}
{"timestamp":"2025-05-30T08:37:51.686757","level":"info","event":"Filling up the DagBag from /opt/airflow/dags/celery.py","logger":"airflow.models.dagbag.DagBag"}
{"timestamp":"2025-05-30T08:38:22.480758","level":"info","event":"Filling up the DagBag from /opt/airflow/dags/celery.py","logger":"airflow.models.dagbag.DagBag"}
{"timestamp":"2025-05-30T08:38:53.365570","level":"info","event":"Filling up the DagBag from /opt/airflow/dags/celery.py","logger":"airflow.models.dagbag.DagBag"}
{"timestamp":"2025-05-30T08:39:24.112678","level":"info","event":"Filling up the DagBag from /opt/airflow/dags/celery.py","logger":"airflow.models.dagbag.DagBag"}
{"timestamp":"2025-05-30T08:41:36.756939","level":"info","event":"Filling up the DagBag from /opt/airflow/dags/celery.py","logger":"airflow.models.dagbag.DagBag"}
{"timestamp":"2025-05-30T08:42:10.235994","level":"info","event":"Filling up the DagBag from /opt/airflow/dags/celery.py","logger":"airflow.models.dagbag.DagBag"}
{"timestamp":"2025-05-30T08:42:41.219820","level":"info","event":"Filling up the DagBag from /opt/airflow/dags/celery.py","logger":"airflow.models.dagbag.DagBag"}
{"timestamp":"2025-05-30T08:43:12.096759","level":"info","event":"Filling up the DagBag from /opt/airflow/dags/celery.py","logger":"airflow.models.dagbag.DagBag"}
{"timestamp":"2025-05-30T08:43:42.850511","level":"info","event":"Filling up the DagBag from /opt/airflow/dags/celery.py","logger":"airflow.models.dagbag.DagBag"}
{"timestamp":"2025-05-30T08:43:51.198133","level":"info","event":"Filling up the DagBag from /opt/airflow/dags/celery.py","logger":"airflow.models.dagbag.DagBag"}
{"timestamp":"2025-05-30T08:43:52.012326","level":"info","event":"Filling up the DagBag from /opt/airflow/dags/celery.py","logger":"airflow.models.dagbag.DagBag"}
{"timestamp":"2025-05-30T08:43:52.102050","level":"error","event":"Failed to import: /opt/airflow/dags/celery.py","logger":"airflow.models.dagbag.DagBag","error_detail":[{"exc_type":"SyntaxError","exc_value":"invalid syntax (celery.py, line 30)","exc_notes":[],"syntax_error":{"offset":5,"filename":"/opt/airflow/dags/celery.py","line":"    a() >> [b(), c() >> d()]\n","lineno":30,"msg":"invalid syntax"},"is_cause":false,"frames":[{"filename":"/home/airflow/.local/lib/python3.12/site-packages/airflow/models/dagbag.py","lineno":382,"name":"parse"},{"filename":"<frozen importlib._bootstrap_external>","lineno":995,"name":"exec_module"},{"filename":"<frozen importlib._bootstrap_external>","lineno":1133,"name":"get_code"},{"filename":"<frozen importlib._bootstrap_external>","lineno":1063,"name":"source_to_code"},{"filename":"<frozen importlib._bootstrap>","lineno":488,"name":"_call_with_frames_removed"}]}]}
{"timestamp":"2025-05-30T08:43:53.438161","level":"info","event":"Filling up the DagBag from /opt/airflow/dags/celery.py","logger":"airflow.models.dagbag.DagBag"}
{"timestamp":"2025-05-30T08:43:53.489993","level":"error","event":"Failed to import: /opt/airflow/dags/celery.py","logger":"airflow.models.dagbag.DagBag","error_detail":[{"exc_type":"SyntaxError","exc_value":"invalid syntax (celery.py, line 30)","exc_notes":[],"syntax_error":{"offset":5,"filename":"/opt/airflow/dags/celery.py","line":"    a() >> [b(), c() >> d()]\n","lineno":30,"msg":"invalid syntax"},"is_cause":false,"frames":[{"filename":"/home/airflow/.local/lib/python3.12/site-packages/airflow/models/dagbag.py","lineno":382,"name":"parse"},{"filename":"<frozen importlib._bootstrap_external>","lineno":995,"name":"exec_module"},{"filename":"<frozen importlib._bootstrap_external>","lineno":1133,"name":"get_code"},{"filename":"<frozen importlib._bootstrap_external>","lineno":1063,"name":"source_to_code"},{"filename":"<frozen importlib._bootstrap>","lineno":488,"name":"_call_with_frames_removed"}]}]}
{"timestamp":"2025-05-30T08:43:54.835912","level":"info","event":"Filling up the DagBag from /opt/airflow/dags/celery.py","logger":"airflow.models.dagbag.DagBag"}
{"timestamp":"2025-05-30T08:43:59.278004","level":"info","event":"Filling up the DagBag from /opt/airflow/dags/celery.py","logger":"airflow.models.dagbag.DagBag"}
{"timestamp":"2025-05-30T08:44:00.621369","level":"info","event":"Filling up the DagBag from /opt/airflow/dags/celery.py","logger":"airflow.models.dagbag.DagBag"}
{"timestamp":"2025-05-30T08:44:00.736070","level":"error","event":"Failed to import: /opt/airflow/dags/celery.py","logger":"airflow.models.dagbag.DagBag","error_detail":[{"exc_type":"SyntaxError","exc_value":"invalid syntax (celery.py, line 33)","exc_notes":[],"syntax_error":{"offset":31,"filename":"/opt/airflow/dags/celery.py","line":"    a() >> [b(), c() >> d() >>]\n","lineno":33,"msg":"invalid syntax"},"is_cause":false,"frames":[{"filename":"/home/airflow/.local/lib/python3.12/site-packages/airflow/models/dagbag.py","lineno":382,"name":"parse"},{"filename":"<frozen importlib._bootstrap_external>","lineno":995,"name":"exec_module"},{"filename":"<frozen importlib._bootstrap_external>","lineno":1133,"name":"get_code"},{"filename":"<frozen importlib._bootstrap_external>","lineno":1063,"name":"source_to_code"},{"filename":"<frozen importlib._bootstrap>","lineno":488,"name":"_call_with_frames_removed"}]}]}
{"timestamp":"2025-05-30T08:44:01.981022","level":"info","event":"Filling up the DagBag from /opt/airflow/dags/celery.py","logger":"airflow.models.dagbag.DagBag"}
{"timestamp":"2025-05-30T08:44:34.592025","level":"info","event":"Filling up the DagBag from /opt/airflow/dags/celery.py","logger":"airflow.models.dagbag.DagBag"}
{"timestamp":"2025-05-30T08:45:04.963307","level":"info","event":"Filling up the DagBag from /opt/airflow/dags/celery.py","logger":"airflow.models.dagbag.DagBag"}
{"timestamp":"2025-05-30T08:45:35.789611","level":"info","event":"Filling up the DagBag from /opt/airflow/dags/celery.py","logger":"airflow.models.dagbag.DagBag"}
{"timestamp":"2025-05-30T08:46:06.688754","level":"info","event":"Filling up the DagBag from /opt/airflow/dags/celery.py","logger":"airflow.models.dagbag.DagBag"}
{"timestamp":"2025-05-30T08:46:37.568671","level":"info","event":"Filling up the DagBag from /opt/airflow/dags/celery.py","logger":"airflow.models.dagbag.DagBag"}
{"timestamp":"2025-05-30T08:47:08.400850","level":"info","event":"Filling up the DagBag from /opt/airflow/dags/celery.py","logger":"airflow.models.dagbag.DagBag"}
{"timestamp":"2025-05-30T08:47:22.105486","level":"info","event":"Filling up the DagBag from /opt/airflow/dags/celery.py","logger":"airflow.models.dagbag.DagBag"}
{"timestamp":"2025-05-30T08:47:52.970416","level":"info","event":"Filling up the DagBag from /opt/airflow/dags/celery.py","logger":"airflow.models.dagbag.DagBag"}
{"timestamp":"2025-05-30T08:48:23.883319","level":"info","event":"Filling up the DagBag from /opt/airflow/dags/celery.py","logger":"airflow.models.dagbag.DagBag"}
{"timestamp":"2025-05-30T08:49:39.039715","level":"info","event":"Filling up the DagBag from /opt/airflow/dags/celery.py","logger":"airflow.models.dagbag.DagBag"}
{"timestamp":"2025-05-30T08:50:12.953029","level":"info","event":"Filling up the DagBag from /opt/airflow/dags/celery.py","logger":"airflow.models.dagbag.DagBag"}
{"timestamp":"2025-05-30T08:50:43.971348","level":"info","event":"Filling up the DagBag from /opt/airflow/dags/celery.py","logger":"airflow.models.dagbag.DagBag"}
{"timestamp":"2025-05-30T09:09:28.993205","level":"info","event":"Filling up the DagBag from /opt/airflow/dags/celery.py","logger":"airflow.models.dagbag.DagBag"}
{"timestamp":"2025-05-30T09:10:09.205414","level":"info","event":"Filling up the DagBag from /opt/airflow/dags/celery.py","logger":"airflow.models.dagbag.DagBag"}
{"timestamp":"2025-05-30T09:10:09.331721Z","level":"warning","event":"Process exited abnormally","exit_code":126,"logger":"processor"}
{"timestamp":"2025-05-30T09:24:01.231801","level":"info","event":"Filling up the DagBag from /opt/airflow/dags/celery.py","logger":"airflow.models.dagbag.DagBag"}
{"timestamp":"2025-05-30T09:24:42.480328","level":"info","event":"Filling up the DagBag from /opt/airflow/dags/celery.py","logger":"airflow.models.dagbag.DagBag"}
{"timestamp":"2025-05-30T09:25:20.247331","level":"info","event":"Filling up the DagBag from /opt/airflow/dags/celery.py","logger":"airflow.models.dagbag.DagBag"}
{"timestamp":"2025-05-30T09:25:57.396871","level":"info","event":"Filling up the DagBag from /opt/airflow/dags/celery.py","logger":"airflow.models.dagbag.DagBag"}
{"timestamp":"2025-05-30T09:37:50.683467","level":"info","event":"Filling up the DagBag from /opt/airflow/dags/celery.py","logger":"airflow.models.dagbag.DagBag"}
{"timestamp":"2025-05-30T09:38:27.964136","level":"info","event":"Filling up the DagBag from /opt/airflow/dags/celery.py","logger":"airflow.models.dagbag.DagBag"}
{"timestamp":"2025-05-30T09:38:58.992594","level":"info","event":"Filling up the DagBag from /opt/airflow/dags/celery.py","logger":"airflow.models.dagbag.DagBag"}
{"timestamp":"2025-05-30T09:39:30.323399","level":"info","event":"Filling up the DagBag from /opt/airflow/dags/celery.py","logger":"airflow.models.dagbag.DagBag"}
{"timestamp":"2025-05-30T09:43:17.051700","level":"info","event":"Filling up the DagBag from /opt/airflow/dags/celery.py","logger":"airflow.models.dagbag.DagBag"}
{"timestamp":"2025-05-30T09:43:56.406301","level":"info","event":"Filling up the DagBag from /opt/airflow/dags/celery.py","logger":"airflow.models.dagbag.DagBag"}
{"timestamp":"2025-05-30T09:44:27.544743","level":"info","event":"Filling up the DagBag from /opt/airflow/dags/celery.py","logger":"airflow.models.dagbag.DagBag"}
{"timestamp":"2025-05-30T09:44:59.589998","level":"info","event":"Filling up the DagBag from /opt/airflow/dags/celery.py","logger":"airflow.models.dagbag.DagBag"}
{"timestamp":"2025-05-30T09:45:31.158364","level":"info","event":"Filling up the DagBag from /opt/airflow/dags/celery.py","logger":"airflow.models.dagbag.DagBag"}
{"timestamp":"2025-05-30T09:46:02.793780","level":"info","event":"Filling up the DagBag from /opt/airflow/dags/celery.py","logger":"airflow.models.dagbag.DagBag"}
{"timestamp":"2025-05-30T09:46:37.450537","level":"info","event":"Filling up the DagBag from /opt/airflow/dags/celery.py","logger":"airflow.models.dagbag.DagBag"}
{"timestamp":"2025-05-30T09:47:09.689449","level":"info","event":"Filling up the DagBag from /opt/airflow/dags/celery.py","logger":"airflow.models.dagbag.DagBag"}
{"timestamp":"2025-05-30T09:47:40.597246","level":"info","event":"Filling up the DagBag from /opt/airflow/dags/celery.py","logger":"airflow.models.dagbag.DagBag"}
{"timestamp":"2025-05-30T09:48:11.375722","level":"info","event":"Filling up the DagBag from /opt/airflow/dags/celery.py","logger":"airflow.models.dagbag.DagBag"}
{"timestamp":"2025-05-30T09:48:43.393686","level":"info","event":"Filling up the DagBag from /opt/airflow/dags/celery.py","logger":"airflow.models.dagbag.DagBag"}
{"timestamp":"2025-05-30T09:49:15.240481","level":"info","event":"Filling up the DagBag from /opt/airflow/dags/celery.py","logger":"airflow.models.dagbag.DagBag"}
{"timestamp":"2025-05-30T09:49:47.819940","level":"info","event":"Filling up the DagBag from /opt/airflow/dags/celery.py","logger":"airflow.models.dagbag.DagBag"}
{"timestamp":"2025-05-30T09:50:20.025728","level":"info","event":"Filling up the DagBag from /opt/airflow/dags/celery.py","logger":"airflow.models.dagbag.DagBag"}
{"timestamp":"2025-05-30T09:50:51.258845","level":"info","event":"Filling up the DagBag from /opt/airflow/dags/celery.py","logger":"airflow.models.dagbag.DagBag"}
{"timestamp":"2025-05-30T09:51:22.283121","level":"info","event":"Filling up the DagBag from /opt/airflow/dags/celery.py","logger":"airflow.models.dagbag.DagBag"}
{"timestamp":"2025-05-30T09:51:53.415610","level":"info","event":"Filling up the DagBag from /opt/airflow/dags/celery.py","logger":"airflow.models.dagbag.DagBag"}
{"timestamp":"2025-05-30T09:52:26.025712","level":"info","event":"Filling up the DagBag from /opt/airflow/dags/celery.py","logger":"airflow.models.dagbag.DagBag"}
{"timestamp":"2025-05-30T09:52:56.611108","level":"info","event":"Filling up the DagBag from /opt/airflow/dags/celery.py","logger":"airflow.models.dagbag.DagBag"}
{"timestamp":"2025-05-30T09:53:27.478500","level":"info","event":"Filling up the DagBag from /opt/airflow/dags/celery.py","logger":"airflow.models.dagbag.DagBag"}
{"timestamp":"2025-05-30T09:53:58.330167","level":"info","event":"Filling up the DagBag from /opt/airflow/dags/celery.py","logger":"airflow.models.dagbag.DagBag"}
{"timestamp":"2025-05-30T09:54:28.806317","level":"info","event":"Filling up the DagBag from /opt/airflow/dags/celery.py","logger":"airflow.models.dagbag.DagBag"}
{"timestamp":"2025-05-30T09:54:59.345896","level":"info","event":"Filling up the DagBag from /opt/airflow/dags/celery.py","logger":"airflow.models.dagbag.DagBag"}
{"timestamp":"2025-05-30T09:55:29.687608","level":"info","event":"Filling up the DagBag from /opt/airflow/dags/celery.py","logger":"airflow.models.dagbag.DagBag"}
{"timestamp":"2025-05-30T09:56:02.657779","level":"info","event":"Filling up the DagBag from /opt/airflow/dags/celery.py","logger":"airflow.models.dagbag.DagBag"}
{"timestamp":"2025-05-30T09:56:32.995473","level":"info","event":"Filling up the DagBag from /opt/airflow/dags/celery.py","logger":"airflow.models.dagbag.DagBag"}
{"timestamp":"2025-05-30T09:57:03.771649","level":"info","event":"Filling up the DagBag from /opt/airflow/dags/celery.py","logger":"airflow.models.dagbag.DagBag"}
{"timestamp":"2025-05-30T09:57:34.664516","level":"info","event":"Filling up the DagBag from /opt/airflow/dags/celery.py","logger":"airflow.models.dagbag.DagBag"}
{"timestamp":"2025-05-30T09:58:05.482738","level":"info","event":"Filling up the DagBag from /opt/airflow/dags/celery.py","logger":"airflow.models.dagbag.DagBag"}
{"timestamp":"2025-05-30T09:58:36.313552","level":"info","event":"Filling up the DagBag from /opt/airflow/dags/celery.py","logger":"airflow.models.dagbag.DagBag"}
{"timestamp":"2025-05-30T09:59:07.162049","level":"info","event":"Filling up the DagBag from /opt/airflow/dags/celery.py","logger":"airflow.models.dagbag.DagBag"}
{"timestamp":"2025-05-30T09:59:37.936307","level":"info","event":"Filling up the DagBag from /opt/airflow/dags/celery.py","logger":"airflow.models.dagbag.DagBag"}
{"timestamp":"2025-05-30T10:00:08.747805","level":"info","event":"Filling up the DagBag from /opt/airflow/dags/celery.py","logger":"airflow.models.dagbag.DagBag"}
{"timestamp":"2025-05-30T10:00:39.585521","level":"info","event":"Filling up the DagBag from /opt/airflow/dags/celery.py","logger":"airflow.models.dagbag.DagBag"}
{"timestamp":"2025-05-30T10:01:10.400248","level":"info","event":"Filling up the DagBag from /opt/airflow/dags/celery.py","logger":"airflow.models.dagbag.DagBag"}
{"timestamp":"2025-05-30T10:01:41.213985","level":"info","event":"Filling up the DagBag from /opt/airflow/dags/celery.py","logger":"airflow.models.dagbag.DagBag"}
{"timestamp":"2025-05-30T10:02:12.019916","level":"info","event":"Filling up the DagBag from /opt/airflow/dags/celery.py","logger":"airflow.models.dagbag.DagBag"}
{"timestamp":"2025-05-30T10:02:42.971675","level":"info","event":"Filling up the DagBag from /opt/airflow/dags/celery.py","logger":"airflow.models.dagbag.DagBag"}
{"timestamp":"2025-05-30T10:03:14.011871","level":"info","event":"Filling up the DagBag from /opt/airflow/dags/celery.py","logger":"airflow.models.dagbag.DagBag"}
{"timestamp":"2025-05-30T10:03:44.785024","level":"info","event":"Filling up the DagBag from /opt/airflow/dags/celery.py","logger":"airflow.models.dagbag.DagBag"}
{"timestamp":"2025-05-30T10:04:15.811253","level":"info","event":"Filling up the DagBag from /opt/airflow/dags/celery.py","logger":"airflow.models.dagbag.DagBag"}
{"timestamp":"2025-05-30T10:04:46.887318","level":"info","event":"Filling up the DagBag from /opt/airflow/dags/celery.py","logger":"airflow.models.dagbag.DagBag"}
{"timestamp":"2025-05-30T10:05:17.727663","level":"info","event":"Filling up the DagBag from /opt/airflow/dags/celery.py","logger":"airflow.models.dagbag.DagBag"}
{"timestamp":"2025-05-30T10:05:48.575691","level":"info","event":"Filling up the DagBag from /opt/airflow/dags/celery.py","logger":"airflow.models.dagbag.DagBag"}
{"timestamp":"2025-05-30T10:06:19.373128","level":"info","event":"Filling up the DagBag from /opt/airflow/dags/celery.py","logger":"airflow.models.dagbag.DagBag"}
{"timestamp":"2025-05-30T10:06:50.496963","level":"info","event":"Filling up the DagBag from /opt/airflow/dags/celery.py","logger":"airflow.models.dagbag.DagBag"}
{"timestamp":"2025-05-30T10:07:21.360643","level":"info","event":"Filling up the DagBag from /opt/airflow/dags/celery.py","logger":"airflow.models.dagbag.DagBag"}
{"timestamp":"2025-05-30T10:07:52.108258","level":"info","event":"Filling up the DagBag from /opt/airflow/dags/celery.py","logger":"airflow.models.dagbag.DagBag"}
{"timestamp":"2025-05-30T10:08:22.839384","level":"info","event":"Filling up the DagBag from /opt/airflow/dags/celery.py","logger":"airflow.models.dagbag.DagBag"}
{"timestamp":"2025-05-30T10:08:53.611826","level":"info","event":"Filling up the DagBag from /opt/airflow/dags/celery.py","logger":"airflow.models.dagbag.DagBag"}
{"timestamp":"2025-05-30T10:09:24.472825","level":"info","event":"Filling up the DagBag from /opt/airflow/dags/celery.py","logger":"airflow.models.dagbag.DagBag"}
{"timestamp":"2025-05-30T10:09:55.265620","level":"info","event":"Filling up the DagBag from /opt/airflow/dags/celery.py","logger":"airflow.models.dagbag.DagBag"}
{"timestamp":"2025-05-30T10:10:28.593553","level":"info","event":"Filling up the DagBag from /opt/airflow/dags/celery.py","logger":"airflow.models.dagbag.DagBag"}
