[2025-05-31 10:15:05,866] {dag_processing.py:821} INFO - Processing files using up to 2 processes at a time 
[2025-05-31 10:15:05,867] {dag_processing.py:822} INFO - Process each file at most once every 0 seconds
[2025-05-31 10:15:05,868] {dag_processing.py:824} INFO - Checking for new files in /usr/local/airflow/dags every 300 seconds
[2025-05-31 10:15:05,870] {dag_processing.py:1292} INFO - Finding 'running' jobs without a recent heartbeat
[2025-05-31 10:15:05,871] {dag_processing.py:1296} INFO - Failing jobs without heartbeat after 2025-05-31 10:10:05.871506+00:00
[2025-05-31 10:15:06,195] {dag_processing.py:1029} INFO - 
================================================================================
DAG File Processing Stats

File Path                                PID  Runtime      # DAGs    # Errors  Last Runtime    Last Run
-------------------------------------  -----  ---------  --------  ----------  --------------  ----------
/usr/local/airflow/dags/data_dag.py       24  0.04s             0           0
/usr/local/airflow/dags/logger_dag.py     25  0.02s             0           0
================================================================================
[2025-05-31 10:15:16,224] {dag_processing.py:1292} INFO - Finding 'running' jobs without a recent heartbeat
[2025-05-31 10:15:16,225] {dag_processing.py:1296} INFO - Failing jobs without heartbeat after 2025-05-31 10:10:16.225747+00:00
[2025-05-31 10:15:26,285] {dag_processing.py:1292} INFO - Finding 'running' jobs without a recent heartbeat
[2025-05-31 10:15:26,286] {dag_processing.py:1296} INFO - Failing jobs without heartbeat after 2025-05-31 10:10:26.286733+00:00
[2025-05-31 10:15:36,443] {dag_processing.py:1292} INFO - Finding 'running' jobs without a recent heartbeat
[2025-05-31 10:15:36,444] {dag_processing.py:1296} INFO - Failing jobs without heartbeat after 2025-05-31 10:10:36.444942+00:00
[2025-05-31 10:15:36,468] {dag_processing.py:1029} INFO - 
================================================================================
DAG File Processing Stats

File Path                                PID  Runtime      # DAGs    # Errors  Last Runtime    Last Run
-------------------------------------  -----  ---------  --------  ----------  --------------  -------------------
/usr/local/airflow/dags/data_dag.py       84  0.01s             0           0  1.02s           2025-05-31T10:15:36
/usr/local/airflow/dags/logger_dag.py     85  0.01s             0           0  1.02s           2025-05-31T10:15:36
================================================================================
[2025-05-31 10:15:46,620] {dag_processing.py:1292} INFO - Finding 'running' jobs without a recent heartbeat
[2025-05-31 10:15:46,621] {dag_processing.py:1296} INFO - Failing jobs without heartbeat after 2025-05-31 10:10:46.621692+00:00
[2025-05-31 10:15:56,785] {dag_processing.py:1292} INFO - Finding 'running' jobs without a recent heartbeat
[2025-05-31 10:15:56,787] {dag_processing.py:1296} INFO - Failing jobs without heartbeat after 2025-05-31 10:10:56.787460+00:00
[2025-05-31 10:16:07,013] {dag_processing.py:1292} INFO - Finding 'running' jobs without a recent heartbeat
[2025-05-31 10:16:07,015] {dag_processing.py:1296} INFO - Failing jobs without heartbeat after 2025-05-31 10:11:07.014957+00:00
[2025-05-31 10:16:07,040] {dag_processing.py:1029} INFO - 
================================================================================
DAG File Processing Stats

File Path                                PID  Runtime      # DAGs    # Errors  Last Runtime    Last Run
-------------------------------------  -----  ---------  --------  ----------  --------------  -------------------
/usr/local/airflow/dags/data_dag.py      144  0.01s             0           0  1.03s           2025-05-31T10:16:07
/usr/local/airflow/dags/logger_dag.py    145  0.01s             0           0  1.02s           2025-05-31T10:16:07
================================================================================
[2025-05-31 10:16:17,198] {dag_processing.py:1292} INFO - Finding 'running' jobs without a recent heartbeat
[2025-05-31 10:16:17,200] {dag_processing.py:1296} INFO - Failing jobs without heartbeat after 2025-05-31 10:11:17.200075+00:00
[2025-05-31 10:16:27,380] {dag_processing.py:1292} INFO - Finding 'running' jobs without a recent heartbeat
[2025-05-31 10:16:27,381] {dag_processing.py:1296} INFO - Failing jobs without heartbeat after 2025-05-31 10:11:27.381903+00:00
[2025-05-31 10:16:37,555] {dag_processing.py:1292} INFO - Finding 'running' jobs without a recent heartbeat
[2025-05-31 10:16:37,556] {dag_processing.py:1296} INFO - Failing jobs without heartbeat after 2025-05-31 10:11:37.556662+00:00
[2025-05-31 10:16:37,577] {dag_processing.py:1029} INFO - 
================================================================================
DAG File Processing Stats

File Path                                PID  Runtime      # DAGs    # Errors  Last Runtime    Last Run
-------------------------------------  -----  ---------  --------  ----------  --------------  -------------------
/usr/local/airflow/dags/data_dag.py      204  0.01s             0           0  1.03s           2025-05-31T10:16:37
/usr/local/airflow/dags/logger_dag.py    205  0.00s             0           0  1.03s           2025-05-31T10:16:37
================================================================================
[2025-05-31 10:16:47,741] {dag_processing.py:1292} INFO - Finding 'running' jobs without a recent heartbeat
[2025-05-31 10:16:47,742] {dag_processing.py:1296} INFO - Failing jobs without heartbeat after 2025-05-31 10:11:47.742316+00:00
[2025-05-31 10:16:57,907] {dag_processing.py:1292} INFO - Finding 'running' jobs without a recent heartbeat
[2025-05-31 10:16:57,908] {dag_processing.py:1296} INFO - Failing jobs without heartbeat after 2025-05-31 10:11:57.908025+00:00
[2025-05-31 10:17:08,105] {dag_processing.py:1292} INFO - Finding 'running' jobs without a recent heartbeat
[2025-05-31 10:17:08,106] {dag_processing.py:1296} INFO - Failing jobs without heartbeat after 2025-05-31 10:12:08.106830+00:00
[2025-05-31 10:17:08,135] {dag_processing.py:1029} INFO - 
================================================================================
DAG File Processing Stats

File Path                                PID  Runtime      # DAGs    # Errors  Last Runtime    Last Run
-------------------------------------  -----  ---------  --------  ----------  --------------  -------------------
/usr/local/airflow/dags/data_dag.py      264  0.01s             0           0  1.03s           2025-05-31T10:17:08
/usr/local/airflow/dags/logger_dag.py    265  0.01s             0           0  1.02s           2025-05-31T10:17:08
================================================================================
[2025-05-31 10:17:18,293] {dag_processing.py:1292} INFO - Finding 'running' jobs without a recent heartbeat
[2025-05-31 10:17:18,294] {dag_processing.py:1296} INFO - Failing jobs without heartbeat after 2025-05-31 10:12:18.294548+00:00
[2025-05-31 10:17:28,503] {dag_processing.py:1292} INFO - Finding 'running' jobs without a recent heartbeat
[2025-05-31 10:17:28,504] {dag_processing.py:1296} INFO - Failing jobs without heartbeat after 2025-05-31 10:12:28.504796+00:00
[2025-05-31 10:17:38,669] {dag_processing.py:1292} INFO - Finding 'running' jobs without a recent heartbeat
[2025-05-31 10:17:38,684] {dag_processing.py:1296} INFO - Failing jobs without heartbeat after 2025-05-31 10:12:38.684464+00:00
[2025-05-31 10:17:38,718] {dag_processing.py:1029} INFO - 
================================================================================
DAG File Processing Stats

File Path                                PID  Runtime      # DAGs    # Errors  Last Runtime    Last Run
-------------------------------------  -----  ---------  --------  ----------  --------------  -------------------
/usr/local/airflow/dags/data_dag.py      324  0.01s             0           0  1.05s           2025-05-31T10:17:38
/usr/local/airflow/dags/logger_dag.py    325  0.01s             0           0  1.04s           2025-05-31T10:17:38
================================================================================
[2025-05-31 10:17:48,864] {dag_processing.py:1292} INFO - Finding 'running' jobs without a recent heartbeat
[2025-05-31 10:17:48,865] {dag_processing.py:1296} INFO - Failing jobs without heartbeat after 2025-05-31 10:12:48.865651+00:00
[2025-05-31 10:17:59,028] {dag_processing.py:1292} INFO - Finding 'running' jobs without a recent heartbeat
[2025-05-31 10:17:59,030] {dag_processing.py:1296} INFO - Failing jobs without heartbeat after 2025-05-31 10:12:59.029982+00:00
[2025-05-31 10:18:09,215] {dag_processing.py:1292} INFO - Finding 'running' jobs without a recent heartbeat
[2025-05-31 10:18:09,216] {dag_processing.py:1296} INFO - Failing jobs without heartbeat after 2025-05-31 10:13:09.216141+00:00
[2025-05-31 10:18:09,239] {dag_processing.py:1029} INFO - 
================================================================================
DAG File Processing Stats

File Path                                PID  Runtime      # DAGs    # Errors  Last Runtime    Last Run
-------------------------------------  -----  ---------  --------  ----------  --------------  -------------------
/usr/local/airflow/dags/data_dag.py      384  0.01s             0           0  1.02s           2025-05-31T10:18:09
/usr/local/airflow/dags/logger_dag.py    385  0.00s             0           0  1.02s           2025-05-31T10:18:09
================================================================================
[2025-05-31 10:18:19,390] {dag_processing.py:1292} INFO - Finding 'running' jobs without a recent heartbeat
[2025-05-31 10:18:19,392] {dag_processing.py:1296} INFO - Failing jobs without heartbeat after 2025-05-31 10:13:19.391944+00:00
[2025-05-31 10:18:29,580] {dag_processing.py:1292} INFO - Finding 'running' jobs without a recent heartbeat
[2025-05-31 10:18:29,581] {dag_processing.py:1296} INFO - Failing jobs without heartbeat after 2025-05-31 10:13:29.581230+00:00
[2025-05-31 10:18:39,762] {dag_processing.py:1292} INFO - Finding 'running' jobs without a recent heartbeat
[2025-05-31 10:18:39,763] {dag_processing.py:1296} INFO - Failing jobs without heartbeat after 2025-05-31 10:13:39.763190+00:00
[2025-05-31 10:18:39,804] {dag_processing.py:1029} INFO - 
================================================================================
DAG File Processing Stats

File Path                                PID  Runtime      # DAGs    # Errors  Last Runtime    Last Run
-------------------------------------  -----  ---------  --------  ----------  --------------  -------------------
/usr/local/airflow/dags/data_dag.py      444  0.02s             0           0  1.03s           2025-05-31T10:18:39
/usr/local/airflow/dags/logger_dag.py    445  0.01s             0           0  1.03s           2025-05-31T10:18:39
================================================================================
[2025-05-31 10:18:49,948] {dag_processing.py:1292} INFO - Finding 'running' jobs without a recent heartbeat
[2025-05-31 10:18:49,949] {dag_processing.py:1296} INFO - Failing jobs without heartbeat after 2025-05-31 10:13:49.949501+00:00
[2025-05-31 10:19:00,116] {dag_processing.py:1292} INFO - Finding 'running' jobs without a recent heartbeat
[2025-05-31 10:19:00,118] {dag_processing.py:1296} INFO - Failing jobs without heartbeat after 2025-05-31 10:14:00.118052+00:00
[2025-05-31 10:19:10,285] {dag_processing.py:1292} INFO - Finding 'running' jobs without a recent heartbeat
[2025-05-31 10:19:10,287] {dag_processing.py:1296} INFO - Failing jobs without heartbeat after 2025-05-31 10:14:10.287130+00:00
[2025-05-31 10:19:10,314] {dag_processing.py:1029} INFO - 
================================================================================
DAG File Processing Stats

File Path                                PID  Runtime      # DAGs    # Errors  Last Runtime    Last Run
-------------------------------------  -----  ---------  --------  ----------  --------------  -------------------
/usr/local/airflow/dags/data_dag.py      504  0.01s             0           0  1.03s           2025-05-31T10:19:10
/usr/local/airflow/dags/logger_dag.py    505  0.01s             0           0  1.02s           2025-05-31T10:19:10
================================================================================
[2025-05-31 10:19:20,450] {dag_processing.py:1292} INFO - Finding 'running' jobs without a recent heartbeat
[2025-05-31 10:19:20,451] {dag_processing.py:1296} INFO - Failing jobs without heartbeat after 2025-05-31 10:14:20.451808+00:00
[2025-05-31 10:19:30,640] {dag_processing.py:1292} INFO - Finding 'running' jobs without a recent heartbeat
[2025-05-31 10:19:30,641] {dag_processing.py:1296} INFO - Failing jobs without heartbeat after 2025-05-31 10:14:30.641649+00:00
[2025-05-31 10:19:40,830] {dag_processing.py:1292} INFO - Finding 'running' jobs without a recent heartbeat
[2025-05-31 10:19:40,831] {dag_processing.py:1296} INFO - Failing jobs without heartbeat after 2025-05-31 10:14:40.831733+00:00
[2025-05-31 10:19:40,862] {dag_processing.py:1029} INFO - 
================================================================================
DAG File Processing Stats

File Path                                PID  Runtime      # DAGs    # Errors  Last Runtime    Last Run
-------------------------------------  -----  ---------  --------  ----------  --------------  -------------------
/usr/local/airflow/dags/data_dag.py      564  0.02s             0           0  1.03s           2025-05-31T10:19:40
/usr/local/airflow/dags/logger_dag.py    565  0.01s             0           0  1.02s           2025-05-31T10:19:40
================================================================================
[2025-05-31 10:19:51,027] {dag_processing.py:1292} INFO - Finding 'running' jobs without a recent heartbeat
[2025-05-31 10:19:51,028] {dag_processing.py:1296} INFO - Failing jobs without heartbeat after 2025-05-31 10:14:51.028522+00:00
[2025-05-31 10:20:01,186] {dag_processing.py:1292} INFO - Finding 'running' jobs without a recent heartbeat
[2025-05-31 10:20:01,188] {dag_processing.py:1296} INFO - Failing jobs without heartbeat after 2025-05-31 10:15:01.187992+00:00
[2025-05-31 10:20:06,297] {dag_processing.py:908} INFO - Searching for files in /usr/local/airflow/dags
[2025-05-31 10:20:06,363] {dag_processing.py:911} INFO - There are 2 files in /usr/local/airflow/dags
[2025-05-31 10:20:11,463] {dag_processing.py:1292} INFO - Finding 'running' jobs without a recent heartbeat
[2025-05-31 10:20:11,465] {dag_processing.py:1296} INFO - Failing jobs without heartbeat after 2025-05-31 10:15:11.465230+00:00
[2025-05-31 10:20:11,489] {dag_processing.py:1029} INFO - 
================================================================================
DAG File Processing Stats

File Path                                PID  Runtime      # DAGs    # Errors  Last Runtime    Last Run
-------------------------------------  -----  ---------  --------  ----------  --------------  -------------------
/usr/local/airflow/dags/data_dag.py      624  0.01s             0           0  1.03s           2025-05-31T10:20:11
/usr/local/airflow/dags/logger_dag.py    625  0.01s             0           0  1.02s           2025-05-31T10:20:11
================================================================================
[2025-05-31 10:20:21,649] {dag_processing.py:1292} INFO - Finding 'running' jobs without a recent heartbeat
[2025-05-31 10:20:21,650] {dag_processing.py:1296} INFO - Failing jobs without heartbeat after 2025-05-31 10:15:21.650802+00:00
[2025-05-31 10:20:31,827] {dag_processing.py:1292} INFO - Finding 'running' jobs without a recent heartbeat
[2025-05-31 10:20:31,828] {dag_processing.py:1296} INFO - Failing jobs without heartbeat after 2025-05-31 10:15:31.828113+00:00
[2025-05-31 10:20:42,021] {dag_processing.py:1292} INFO - Finding 'running' jobs without a recent heartbeat
[2025-05-31 10:20:42,022] {dag_processing.py:1296} INFO - Failing jobs without heartbeat after 2025-05-31 10:15:42.022626+00:00
[2025-05-31 10:20:42,050] {dag_processing.py:1029} INFO - 
================================================================================
DAG File Processing Stats

File Path                                PID  Runtime      # DAGs    # Errors  Last Runtime    Last Run
-------------------------------------  -----  ---------  --------  ----------  --------------  -------------------
/usr/local/airflow/dags/data_dag.py      682  0.01s             0           0  1.03s           2025-05-31T10:20:42
/usr/local/airflow/dags/logger_dag.py    683  0.01s             0           0  1.03s           2025-05-31T10:20:42
================================================================================
[2025-05-31 10:20:52,243] {dag_processing.py:1292} INFO - Finding 'running' jobs without a recent heartbeat
[2025-05-31 10:20:52,245] {dag_processing.py:1296} INFO - Failing jobs without heartbeat after 2025-05-31 10:15:52.244931+00:00
[2025-05-31 10:21:02,466] {dag_processing.py:1292} INFO - Finding 'running' jobs without a recent heartbeat
[2025-05-31 10:21:02,467] {dag_processing.py:1296} INFO - Failing jobs without heartbeat after 2025-05-31 10:16:02.467337+00:00
[2025-05-31 10:21:12,653] {dag_processing.py:1292} INFO - Finding 'running' jobs without a recent heartbeat
[2025-05-31 10:21:12,656] {dag_processing.py:1296} INFO - Failing jobs without heartbeat after 2025-05-31 10:16:12.656698+00:00
[2025-05-31 10:21:12,788] {dag_processing.py:1029} INFO - 
================================================================================
DAG File Processing Stats

File Path                                PID  Runtime      # DAGs    # Errors  Last Runtime    Last Run
-------------------------------------  -----  ---------  --------  ----------  --------------  -------------------
/usr/local/airflow/dags/data_dag.py      742  0.03s             0           0  1.11s           2025-05-31T10:21:12
/usr/local/airflow/dags/logger_dag.py    743  0.01s             0           0  1.11s           2025-05-31T10:21:12
================================================================================
[2025-05-31 10:21:22,953] {dag_processing.py:1292} INFO - Finding 'running' jobs without a recent heartbeat
[2025-05-31 10:21:22,954] {dag_processing.py:1296} INFO - Failing jobs without heartbeat after 2025-05-31 10:16:22.954735+00:00
[2025-05-31 10:21:33,140] {dag_processing.py:1292} INFO - Finding 'running' jobs without a recent heartbeat
[2025-05-31 10:21:33,142] {dag_processing.py:1296} INFO - Failing jobs without heartbeat after 2025-05-31 10:16:33.142081+00:00
[2025-05-31 10:21:43,305] {dag_processing.py:1292} INFO - Finding 'running' jobs without a recent heartbeat
[2025-05-31 10:21:43,307] {dag_processing.py:1296} INFO - Failing jobs without heartbeat after 2025-05-31 10:16:43.307490+00:00
[2025-05-31 10:21:43,340] {dag_processing.py:1029} INFO - 
================================================================================
DAG File Processing Stats

File Path                                PID  Runtime      # DAGs    # Errors  Last Runtime    Last Run
-------------------------------------  -----  ---------  --------  ----------  --------------  -------------------
/usr/local/airflow/dags/data_dag.py      802  0.02s             0           0  1.03s           2025-05-31T10:21:43
/usr/local/airflow/dags/logger_dag.py    803  0.01s             0           0  1.03s           2025-05-31T10:21:43
================================================================================
[2025-05-31 10:41:53,736] {dag_processing.py:821} INFO - Processing files using up to 2 processes at a time 
[2025-05-31 10:41:53,747] {dag_processing.py:822} INFO - Process each file at most once every 0 seconds
[2025-05-31 10:41:53,748] {dag_processing.py:824} INFO - Checking for new files in /usr/local/airflow/dags every 300 seconds
[2025-05-31 10:41:53,752] {dag_processing.py:1292} INFO - Finding 'running' jobs without a recent heartbeat
[2025-05-31 10:41:53,754] {dag_processing.py:1296} INFO - Failing jobs without heartbeat after 2025-05-31 10:36:53.754115+00:00
[2025-05-31 10:41:54,392] {dag_processing.py:1029} INFO - 
================================================================================
DAG File Processing Stats

File Path                                PID  Runtime      # DAGs    # Errors  Last Runtime    Last Run
-------------------------------------  -----  ---------  --------  ----------  --------------  ----------
/usr/local/airflow/dags/data_dag.py       25  0.02s             0           0
/usr/local/airflow/dags/logger_dag.py     24  0.05s             0           0
================================================================================
[2025-05-31 10:42:04,811] {dag_processing.py:1292} INFO - Finding 'running' jobs without a recent heartbeat
[2025-05-31 10:42:04,813] {dag_processing.py:1296} INFO - Failing jobs without heartbeat after 2025-05-31 10:37:04.813273+00:00
[2025-05-31 10:42:15,247] {dag_processing.py:1292} INFO - Finding 'running' jobs without a recent heartbeat
[2025-05-31 10:42:15,256] {dag_processing.py:1296} INFO - Failing jobs without heartbeat after 2025-05-31 10:37:15.256160+00:00
[2025-05-31 10:42:24,534] {dag_processing.py:1029} INFO - 
================================================================================
DAG File Processing Stats

File Path                                PID  Runtime      # DAGs    # Errors  Last Runtime    Last Run
-------------------------------------  -----  ---------  --------  ----------  --------------  -------------------
/usr/local/airflow/dags/data_dag.py       71  1.02s             0           0  2.03s           2025-05-31T10:42:23
/usr/local/airflow/dags/logger_dag.py     70  1.04s             0           0  2.04s           2025-05-31T10:42:23
================================================================================
[2025-05-31 10:42:25,545] {dag_processing.py:1292} INFO - Finding 'running' jobs without a recent heartbeat
[2025-05-31 10:42:25,546] {dag_processing.py:1296} INFO - Failing jobs without heartbeat after 2025-05-31 10:37:25.546502+00:00
[2025-05-31 10:42:35,813] {dag_processing.py:1292} INFO - Finding 'running' jobs without a recent heartbeat
[2025-05-31 10:42:35,816] {dag_processing.py:1296} INFO - Failing jobs without heartbeat after 2025-05-31 10:37:35.816530+00:00
[2025-05-31 10:42:46,074] {dag_processing.py:1292} INFO - Finding 'running' jobs without a recent heartbeat
[2025-05-31 10:42:46,075] {dag_processing.py:1296} INFO - Failing jobs without heartbeat after 2025-05-31 10:37:46.075270+00:00
[2025-05-31 10:42:55,449] {dag_processing.py:1029} INFO - 
================================================================================
DAG File Processing Stats

File Path                                PID  Runtime      # DAGs    # Errors  Last Runtime    Last Run
-------------------------------------  -----  ---------  --------  ----------  --------------  -------------------
/usr/local/airflow/dags/data_dag.py      106  1.03s             0           0  1.12s           2025-05-31T10:42:54
/usr/local/airflow/dags/logger_dag.py    105  1.04s             0           0  1.06s           2025-05-31T10:42:54
================================================================================
[2025-05-31 10:42:56,463] {dag_processing.py:1292} INFO - Finding 'running' jobs without a recent heartbeat
[2025-05-31 10:42:56,464] {dag_processing.py:1296} INFO - Failing jobs without heartbeat after 2025-05-31 10:37:56.464006+00:00
[2025-05-31 10:43:06,779] {dag_processing.py:1292} INFO - Finding 'running' jobs without a recent heartbeat
[2025-05-31 10:43:06,781] {dag_processing.py:1296} INFO - Failing jobs without heartbeat after 2025-05-31 10:38:06.780895+00:00
[2025-05-31 10:43:17,233] {dag_processing.py:1292} INFO - Finding 'running' jobs without a recent heartbeat
[2025-05-31 10:43:17,235] {dag_processing.py:1296} INFO - Failing jobs without heartbeat after 2025-05-31 10:38:17.235840+00:00
[2025-05-31 10:43:25,518] {dag_processing.py:1029} INFO - 
================================================================================
DAG File Processing Stats

File Path                                PID  Runtime      # DAGs    # Errors  Last Runtime    Last Run
-------------------------------------  -----  ---------  --------  ----------  --------------  -------------------
/usr/local/airflow/dags/data_dag.py      156  0.01s             0           0  1.01s           2025-05-31T10:43:25
/usr/local/airflow/dags/logger_dag.py    155  0.01s             0           0  1.02s           2025-05-31T10:43:25
================================================================================
[2025-05-31 10:43:27,549] {dag_processing.py:1292} INFO - Finding 'running' jobs without a recent heartbeat
[2025-05-31 10:43:27,566] {dag_processing.py:1296} INFO - Failing jobs without heartbeat after 2025-05-31 10:38:27.566427+00:00
[2025-05-31 10:43:37,795] {dag_processing.py:1292} INFO - Finding 'running' jobs without a recent heartbeat
[2025-05-31 10:43:37,797] {dag_processing.py:1296} INFO - Failing jobs without heartbeat after 2025-05-31 10:38:37.797474+00:00
[2025-05-31 10:43:48,091] {dag_processing.py:1292} INFO - Finding 'running' jobs without a recent heartbeat
[2025-05-31 10:43:48,092] {dag_processing.py:1296} INFO - Failing jobs without heartbeat after 2025-05-31 10:38:48.092794+00:00
[2025-05-31 10:43:56,497] {dag_processing.py:1029} INFO - 
================================================================================
DAG File Processing Stats

File Path                                PID  Runtime      # DAGs    # Errors  Last Runtime    Last Run
-------------------------------------  -----  ---------  --------  ----------  --------------  -------------------
/usr/local/airflow/dags/data_dag.py      216  0.01s             0           0  1.01s           2025-05-31T10:43:56
/usr/local/airflow/dags/logger_dag.py    215  0.02s             0           0  1.02s           2025-05-31T10:43:56
================================================================================
[2025-05-31 10:43:58,518] {dag_processing.py:1292} INFO - Finding 'running' jobs without a recent heartbeat
[2025-05-31 10:43:58,520] {dag_processing.py:1296} INFO - Failing jobs without heartbeat after 2025-05-31 10:38:58.520730+00:00
[2025-05-31 10:44:08,743] {dag_processing.py:1292} INFO - Finding 'running' jobs without a recent heartbeat
[2025-05-31 10:44:08,744] {dag_processing.py:1296} INFO - Failing jobs without heartbeat after 2025-05-31 10:39:08.744936+00:00
[2025-05-31 10:44:18,935] {dag_processing.py:1292} INFO - Finding 'running' jobs without a recent heartbeat
[2025-05-31 10:44:18,936] {dag_processing.py:1296} INFO - Failing jobs without heartbeat after 2025-05-31 10:39:18.936729+00:00
[2025-05-31 10:44:27,102] {dag_processing.py:1029} INFO - 
================================================================================
DAG File Processing Stats

File Path                                PID  Runtime      # DAGs    # Errors  Last Runtime    Last Run
-------------------------------------  -----  ---------  --------  ----------  --------------  -------------------
/usr/local/airflow/dags/data_dag.py      276  0.01s             0           0  1.01s           2025-05-31T10:44:27
/usr/local/airflow/dags/logger_dag.py    275  0.01s             0           0  1.01s           2025-05-31T10:44:27
================================================================================
[2025-05-31 10:44:29,129] {dag_processing.py:1292} INFO - Finding 'running' jobs without a recent heartbeat
[2025-05-31 10:44:29,130] {dag_processing.py:1296} INFO - Failing jobs without heartbeat after 2025-05-31 10:39:29.130766+00:00
[2025-05-31 10:44:39,404] {dag_processing.py:1292} INFO - Finding 'running' jobs without a recent heartbeat
[2025-05-31 10:44:39,406] {dag_processing.py:1296} INFO - Failing jobs without heartbeat after 2025-05-31 10:39:39.406128+00:00
[2025-05-31 10:44:49,581] {dag_processing.py:1292} INFO - Finding 'running' jobs without a recent heartbeat
[2025-05-31 10:44:49,582] {dag_processing.py:1296} INFO - Failing jobs without heartbeat after 2025-05-31 10:39:49.582465+00:00
[2025-05-31 10:44:57,751] {dag_processing.py:1029} INFO - 
================================================================================
DAG File Processing Stats

File Path                                PID  Runtime      # DAGs    # Errors  Last Runtime    Last Run
-------------------------------------  -----  ---------  --------  ----------  --------------  -------------------
/usr/local/airflow/dags/data_dag.py      336  0.01s             0           0  1.01s           2025-05-31T10:44:57
/usr/local/airflow/dags/logger_dag.py    335  0.01s             0           0  1.01s           2025-05-31T10:44:57
================================================================================
[2025-05-31 10:44:59,773] {dag_processing.py:1292} INFO - Finding 'running' jobs without a recent heartbeat
[2025-05-31 10:44:59,774] {dag_processing.py:1296} INFO - Failing jobs without heartbeat after 2025-05-31 10:39:59.774164+00:00
[2025-05-31 10:45:09,951] {dag_processing.py:1292} INFO - Finding 'running' jobs without a recent heartbeat
[2025-05-31 10:45:09,952] {dag_processing.py:1296} INFO - Failing jobs without heartbeat after 2025-05-31 10:40:09.952732+00:00
[2025-05-31 10:45:20,037] {dag_processing.py:1292} INFO - Finding 'running' jobs without a recent heartbeat
[2025-05-31 10:45:20,038] {dag_processing.py:1296} INFO - Failing jobs without heartbeat after 2025-05-31 10:40:20.038492+00:00
[2025-05-31 10:45:28,203] {dag_processing.py:1029} INFO - 
================================================================================
DAG File Processing Stats

File Path                                PID  Runtime      # DAGs    # Errors  Last Runtime    Last Run
-------------------------------------  -----  ---------  --------  ----------  --------------  -------------------
/usr/local/airflow/dags/data_dag.py      380  0.01s             0           0  1.01s           2025-05-31T10:45:28
/usr/local/airflow/dags/logger_dag.py    379  0.03s             0           0  1.01s           2025-05-31T10:45:28
================================================================================
[2025-05-31 10:45:30,230] {dag_processing.py:1292} INFO - Finding 'running' jobs without a recent heartbeat
[2025-05-31 10:45:30,231] {dag_processing.py:1296} INFO - Failing jobs without heartbeat after 2025-05-31 10:40:30.231762+00:00
[2025-05-31 10:45:40,413] {dag_processing.py:1292} INFO - Finding 'running' jobs without a recent heartbeat
[2025-05-31 10:45:40,414] {dag_processing.py:1296} INFO - Failing jobs without heartbeat after 2025-05-31 10:40:40.414625+00:00
[2025-05-31 10:45:50,618] {dag_processing.py:1292} INFO - Finding 'running' jobs without a recent heartbeat
[2025-05-31 10:45:50,619] {dag_processing.py:1296} INFO - Failing jobs without heartbeat after 2025-05-31 10:40:50.619734+00:00
[2025-05-31 10:45:58,813] {dag_processing.py:1029} INFO - 
================================================================================
DAG File Processing Stats

File Path                                PID  Runtime      # DAGs    # Errors  Last Runtime    Last Run
-------------------------------------  -----  ---------  --------  ----------  --------------  -------------------
/usr/local/airflow/dags/data_dag.py      440  0.01s             0           0  1.01s           2025-05-31T10:45:58
/usr/local/airflow/dags/logger_dag.py    439  0.02s             0           0  1.02s           2025-05-31T10:45:58
================================================================================
[2025-05-31 10:46:00,835] {dag_processing.py:1292} INFO - Finding 'running' jobs without a recent heartbeat
[2025-05-31 10:46:00,837] {dag_processing.py:1296} INFO - Failing jobs without heartbeat after 2025-05-31 10:41:00.836936+00:00
[2025-05-31 10:46:11,026] {dag_processing.py:1292} INFO - Finding 'running' jobs without a recent heartbeat
[2025-05-31 10:46:11,028] {dag_processing.py:1296} INFO - Failing jobs without heartbeat after 2025-05-31 10:41:11.028199+00:00
[2025-05-31 10:46:21,229] {dag_processing.py:1292} INFO - Finding 'running' jobs without a recent heartbeat
[2025-05-31 10:46:21,230] {dag_processing.py:1296} INFO - Failing jobs without heartbeat after 2025-05-31 10:41:21.230536+00:00
[2025-05-31 10:46:29,398] {dag_processing.py:1029} INFO - 
================================================================================
DAG File Processing Stats

File Path                                PID  Runtime      # DAGs    # Errors  Last Runtime    Last Run
-------------------------------------  -----  ---------  --------  ----------  --------------  -------------------
/usr/local/airflow/dags/data_dag.py      500  0.01s             0           0  1.01s           2025-05-31T10:46:29
/usr/local/airflow/dags/logger_dag.py    499  0.01s             0           0  1.01s           2025-05-31T10:46:29
================================================================================
[2025-05-31 10:46:31,422] {dag_processing.py:1292} INFO - Finding 'running' jobs without a recent heartbeat
[2025-05-31 10:46:31,423] {dag_processing.py:1296} INFO - Failing jobs without heartbeat after 2025-05-31 10:41:31.423571+00:00
[2025-05-31 10:46:41,621] {dag_processing.py:1292} INFO - Finding 'running' jobs without a recent heartbeat
[2025-05-31 10:46:41,622] {dag_processing.py:1296} INFO - Failing jobs without heartbeat after 2025-05-31 10:41:41.622484+00:00
[2025-05-31 10:46:51,801] {dag_processing.py:1292} INFO - Finding 'running' jobs without a recent heartbeat
[2025-05-31 10:46:51,803] {dag_processing.py:1296} INFO - Failing jobs without heartbeat after 2025-05-31 10:41:51.803364+00:00
[2025-05-31 10:46:53,865] {dag_processing.py:908} INFO - Searching for files in /usr/local/airflow/dags
[2025-05-31 10:46:53,931] {dag_processing.py:911} INFO - There are 2 files in /usr/local/airflow/dags
[2025-05-31 10:47:00,080] {dag_processing.py:1029} INFO - 
================================================================================
DAG File Processing Stats

File Path                                PID  Runtime      # DAGs    # Errors  Last Runtime    Last Run
-------------------------------------  -----  ---------  --------  ----------  --------------  -------------------
/usr/local/airflow/dags/data_dag.py      560  0.01s             0           0  1.01s           2025-05-31T10:47:00
/usr/local/airflow/dags/logger_dag.py    559  0.03s             0           0  1.02s           2025-05-31T10:47:00
================================================================================
[2025-05-31 10:47:02,095] {dag_processing.py:1292} INFO - Finding 'running' jobs without a recent heartbeat
[2025-05-31 10:47:02,096] {dag_processing.py:1296} INFO - Failing jobs without heartbeat after 2025-05-31 10:42:02.096245+00:00
[2025-05-31 10:47:12,302] {dag_processing.py:1292} INFO - Finding 'running' jobs without a recent heartbeat
[2025-05-31 10:47:12,303] {dag_processing.py:1296} INFO - Failing jobs without heartbeat after 2025-05-31 10:42:12.303132+00:00
[2025-05-31 10:47:22,506] {dag_processing.py:1292} INFO - Finding 'running' jobs without a recent heartbeat
[2025-05-31 10:47:22,507] {dag_processing.py:1296} INFO - Failing jobs without heartbeat after 2025-05-31 10:42:22.507728+00:00
[2025-05-31 10:47:30,790] {dag_processing.py:1029} INFO - 
================================================================================
DAG File Processing Stats

File Path                                PID  Runtime      # DAGs    # Errors  Last Runtime    Last Run
-------------------------------------  -----  ---------  --------  ----------  --------------  -------------------
/usr/local/airflow/dags/data_dag.py      620  0.01s             0           0  1.02s           2025-05-31T10:47:30
/usr/local/airflow/dags/logger_dag.py    619  0.02s             0           0  1.03s           2025-05-31T10:47:30
================================================================================
[2025-05-31 10:47:32,816] {dag_processing.py:1292} INFO - Finding 'running' jobs without a recent heartbeat
[2025-05-31 10:47:32,817] {dag_processing.py:1296} INFO - Failing jobs without heartbeat after 2025-05-31 10:42:32.817639+00:00
[2025-05-31 10:47:43,269] {dag_processing.py:1292} INFO - Finding 'running' jobs without a recent heartbeat
[2025-05-31 10:47:43,273] {dag_processing.py:1296} INFO - Failing jobs without heartbeat after 2025-05-31 10:42:43.273446+00:00
[2025-05-31 10:47:53,580] {dag_processing.py:1292} INFO - Finding 'running' jobs without a recent heartbeat
[2025-05-31 10:47:53,587] {dag_processing.py:1296} INFO - Failing jobs without heartbeat after 2025-05-31 10:42:53.587579+00:00
[2025-05-31 10:48:00,855] {dag_processing.py:1029} INFO - 
================================================================================
DAG File Processing Stats

File Path                                PID  Runtime      # DAGs    # Errors  Last Runtime    Last Run
-------------------------------------  -----  ---------  --------  ----------  --------------  -------------------
/usr/local/airflow/dags/data_dag.py      678  0.01s             0           0  1.02s           2025-05-31T10:48:00
/usr/local/airflow/dags/logger_dag.py    677  0.02s             0           0  1.03s           2025-05-31T10:48:00
================================================================================
[2025-05-31 10:48:03,911] {dag_processing.py:1292} INFO - Finding 'running' jobs without a recent heartbeat
[2025-05-31 10:48:03,924] {dag_processing.py:1296} INFO - Failing jobs without heartbeat after 2025-05-31 10:43:03.924048+00:00
[2025-05-31 10:48:14,270] {dag_processing.py:1292} INFO - Finding 'running' jobs without a recent heartbeat
[2025-05-31 10:48:14,271] {dag_processing.py:1296} INFO - Failing jobs without heartbeat after 2025-05-31 10:43:14.271913+00:00
[2025-05-31 10:48:24,516] {dag_processing.py:1292} INFO - Finding 'running' jobs without a recent heartbeat
[2025-05-31 10:48:24,524] {dag_processing.py:1296} INFO - Failing jobs without heartbeat after 2025-05-31 10:43:24.524004+00:00
[2025-05-31 10:48:31,749] {dag_processing.py:1029} INFO - 
================================================================================
DAG File Processing Stats

File Path                                PID  Runtime      # DAGs    # Errors  Last Runtime    Last Run
-------------------------------------  -----  ---------  --------  ----------  --------------  -------------------
/usr/local/airflow/dags/data_dag.py      730  0.02s             0           0  2.01s           2025-05-31T10:48:31
/usr/local/airflow/dags/logger_dag.py    729  0.04s             0           0  2.02s           2025-05-31T10:48:31
================================================================================
[2025-05-31 10:48:34,795] {dag_processing.py:1292} INFO - Finding 'running' jobs without a recent heartbeat
[2025-05-31 10:48:34,797] {dag_processing.py:1296} INFO - Failing jobs without heartbeat after 2025-05-31 10:43:34.796936+00:00
[2025-05-31 10:48:45,009] {dag_processing.py:1292} INFO - Finding 'running' jobs without a recent heartbeat
[2025-05-31 10:48:45,010] {dag_processing.py:1296} INFO - Failing jobs without heartbeat after 2025-05-31 10:43:45.010922+00:00
[2025-05-31 10:48:55,258] {dag_processing.py:1292} INFO - Finding 'running' jobs without a recent heartbeat
[2025-05-31 10:48:55,259] {dag_processing.py:1296} INFO - Failing jobs without heartbeat after 2025-05-31 10:43:55.259259+00:00
[2025-05-31 10:49:02,415] {dag_processing.py:1029} INFO - 
================================================================================
DAG File Processing Stats

File Path                                PID  Runtime      # DAGs    # Errors  Last Runtime    Last Run
-------------------------------------  -----  ---------  --------  ----------  --------------  -------------------
/usr/local/airflow/dags/data_dag.py      788  0.01s             0           0  1.01s           2025-05-31T10:49:02
/usr/local/airflow/dags/logger_dag.py    787  0.01s             0           0  1.02s           2025-05-31T10:49:02
================================================================================
[2025-05-31 10:49:05,448] {dag_processing.py:1292} INFO - Finding 'running' jobs without a recent heartbeat
[2025-05-31 10:49:05,449] {dag_processing.py:1296} INFO - Failing jobs without heartbeat after 2025-05-31 10:44:05.449879+00:00
[2025-05-31 10:49:15,770] {dag_processing.py:1292} INFO - Finding 'running' jobs without a recent heartbeat
[2025-05-31 10:49:15,771] {dag_processing.py:1296} INFO - Failing jobs without heartbeat after 2025-05-31 10:44:15.771645+00:00
[2025-05-31 10:49:25,957] {dag_processing.py:1292} INFO - Finding 'running' jobs without a recent heartbeat
[2025-05-31 10:49:25,958] {dag_processing.py:1296} INFO - Failing jobs without heartbeat after 2025-05-31 10:44:25.958184+00:00
[2025-05-31 10:49:33,110] {dag_processing.py:1029} INFO - 
================================================================================
DAG File Processing Stats

File Path                                PID  Runtime      # DAGs    # Errors  Last Runtime    Last Run
-------------------------------------  -----  ---------  --------  ----------  --------------  -------------------
/usr/local/airflow/dags/data_dag.py      841  0.01s             0           0  1.01s           2025-05-31T10:49:33
/usr/local/airflow/dags/logger_dag.py    840  0.01s             0           0  1.02s           2025-05-31T10:49:33
================================================================================
[2025-05-31 10:49:36,142] {dag_processing.py:1292} INFO - Finding 'running' jobs without a recent heartbeat
[2025-05-31 10:49:36,144] {dag_processing.py:1296} INFO - Failing jobs without heartbeat after 2025-05-31 10:44:36.144016+00:00
[2025-05-31 10:49:46,324] {dag_processing.py:1292} INFO - Finding 'running' jobs without a recent heartbeat
[2025-05-31 10:49:46,325] {dag_processing.py:1296} INFO - Failing jobs without heartbeat after 2025-05-31 10:44:46.325839+00:00
